# JRE version: Java(TM) SE Runtime Environment (21.0.5+9) (build 21.0.5+9-LTS-239)
# Java VM: Java HotSpot(TM) 64-Bit Server VM (21.0.5+9-LTS-239, mixed mode, sharing, tiered, compressed oops, compressed class ptrs, g1 gc, windows-amd64)
GC Precious Log:
 CardTable entry size: 512
 Card Set container configuration: InlinePtr #cards 5 size 8 Array Of Cards #cards 12 size 40 Howl #buckets 4 coarsen threshold 1843 Howl Bitmap #cards 512 size 80 coarsen threshold 460 Card regions per heap region 1 cards per card region 2048
 CPUs: 4 total, 4 available
 Memory: 3838M
 Large Page Support: Disabled
 NUMA Support: Disabled
 Compressed Oops: Enabled (32-bit)
 Heap Region Size: 1M
 Heap Min Capacity: 8M
 Heap Initial Capacity: 60M
 Heap Max Capacity: 960M
 Pre-touch: Disabled
 Parallel Workers: 4
 Concurrent Workers: 1
 Concurrent Refinement Workers: 4
 Periodic GC: Disabled
Heap:
 garbage-first heap   total 63488K, used 36967K [0x00000000c4000000, 0x0000000100000000)
  region size 1024K, 10 young (10240K), 4 survivors (4096K)
 Metaspace       used 77529K, committed 78272K, reserved 1179648K
  class space    used 10112K, committed 10496K, reserved 1048576K
GC Heap History (20 events):
Event: 9.771 GC heap before
{Heap before GC invocations=17 (full 0):
 garbage-first heap   total 51200K, used 43086K [0x00000000c4000000, 0x0000000100000000)
  region size 1024K, 19 young (19456K), 3 survivors (3072K)
 Metaspace       used 66420K, committed 67072K, reserved 1114112K
  class space    used 8824K, committed 9152K, reserved 1048576K
}
Event: 9.777 GC heap after
{Heap after GC invocations=18 (full 0):
 garbage-first heap   total 51200K, used 29407K [0x00000000c4000000, 0x0000000100000000)
  region size 1024K, 3 young (3072K), 3 survivors (3072K)
 Metaspace       used 66420K, committed 67072K, reserved 1114112K
  class space    used 8824K, committed 9152K, reserved 1048576K
}
Event: 10.148 GC heap before
{Heap before GC invocations=18 (full 0):
 garbage-first heap   total 51200K, used 44767K [0x00000000c4000000, 0x0000000100000000)
  region size 1024K, 18 young (18432K), 3 survivors (3072K)
 Metaspace       used 69935K, committed 70592K, reserved 1114112K
  class space    used 9240K, committed 9536K, reserved 1048576K
}
Event: 10.155 GC heap after
{Heap after GC invocations=19 (full 0):
 garbage-first heap   total 51200K, used 31318K [0x00000000c4000000, 0x0000000100000000)
  region size 1024K, 2 young (2048K), 2 survivors (2048K)
 Metaspace       used 69935K, committed 70592K, reserved 1114112K
  class space    used 9240K, committed 9536K, reserved 1048576K
}
Event: 10.583 GC heap before
{Heap before GC invocations=20 (full 0):
 garbage-first heap   total 55296K, used 44630K [0x00000000c4000000, 0x0000000100000000)
  region size 1024K, 15 young (15360K), 2 survivors (2048K)
 Metaspace       used 70993K, committed 71680K, reserved 1114112K
  class space    used 9429K, committed 9728K, reserved 1048576K
}
Event: 10.588 GC heap after
{Heap after GC invocations=21 (full 0):
 garbage-first heap   total 55296K, used 32522K [0x00000000c4000000, 0x0000000100000000)
  region size 1024K, 2 young (2048K), 2 survivors (2048K)
 Metaspace       used 70993K, committed 71680K, reserved 1114112K
  class space    used 9429K, committed 9728K, reserved 1048576K
}
Event: 10.917 GC heap before
{Heap before GC invocations=21 (full 0):
 garbage-first heap   total 55296K, used 47882K [0x00000000c4000000, 0x0000000100000000)
  region size 1024K, 17 young (17408K), 2 survivors (2048K)
 Metaspace       used 72854K, committed 73536K, reserved 1114112K
  class space    used 9691K, committed 9984K, reserved 1048576K
}
Event: 10.922 GC heap after
{Heap after GC invocations=22 (full 0):
 garbage-first heap   total 55296K, used 33992K [0x00000000c4000000, 0x0000000100000000)
  region size 1024K, 3 young (3072K), 3 survivors (3072K)
 Metaspace       used 72854K, committed 73536K, reserved 1114112K
  class space    used 9691K, committed 9984K, reserved 1048576K
}
Event: 40.280 GC heap before
{Heap before GC invocations=22 (full 0):
 garbage-first heap   total 55296K, used 46280K [0x00000000c4000000, 0x0000000100000000)
  region size 1024K, 16 young (16384K), 3 survivors (3072K)
 Metaspace       used 75454K, committed 76224K, reserved 1179648K
  class space    used 10026K, committed 10368K, reserved 1048576K
}
Event: 40.304 GC heap after
{Heap after GC invocations=23 (full 0):
 garbage-first heap   total 55296K, used 35514K [0x00000000c4000000, 0x0000000100000000)
  region size 1024K, 2 young (2048K), 2 survivors (2048K)
 Metaspace       used 75454K, committed 76224K, reserved 1179648K
  class space    used 10026K, committed 10368K, reserved 1048576K
}
Event: 167.223 GC heap before
{Heap before GC invocations=24 (full 0):
 garbage-first heap   total 63488K, used 46778K [0x00000000c4000000, 0x0000000100000000)
  region size 1024K, 14 young (14336K), 2 survivors (2048K)
 Metaspace       used 76604K, committed 77312K, reserved 1179648K
  class space    used 10107K, committed 10432K, reserved 1048576K
}
Event: 167.276 GC heap after
{Heap after GC invocations=25 (full 0):
 garbage-first heap   total 63488K, used 36781K [0x00000000c4000000, 0x0000000100000000)
  region size 1024K, 2 young (2048K), 2 survivors (2048K)
 Metaspace       used 76604K, committed 77312K, reserved 1179648K
  class space    used 10107K, committed 10432K, reserved 1048576K
}
Event: 941.113 GC heap before
{Heap before GC invocations=25 (full 0):
 garbage-first heap   total 63488K, used 56237K [0x00000000c4000000, 0x0000000100000000)
  region size 1024K, 21 young (21504K), 2 survivors (2048K)
 Metaspace       used 76839K, committed 77504K, reserved 1179648K
  class space    used 10113K, committed 10432K, reserved 1048576K
}
Event: 941.289 GC heap after
{Heap after GC invocations=26 (full 0):
 garbage-first heap   total 63488K, used 36455K [0x00000000c4000000, 0x0000000100000000)
  region size 1024K, 2 young (2048K), 2 survivors (2048K)
 Metaspace       used 76839K, committed 77504K, reserved 1179648K
  class space    used 10113K, committed 10432K, reserved 1048576K
}
Event: 1334.365 GC heap before
{Heap before GC invocations=26 (full 0):
 garbage-first heap   total 63488K, used 44647K [0x00000000c4000000, 0x0000000100000000)
  region size 1024K, 11 young (11264K), 2 survivors (2048K)
 Metaspace       used 76980K, committed 77760K, reserved 1179648K
  class space    used 10140K, committed 10496K, reserved 1048576K
}
Event: 1335.459 GC heap after
{Heap after GC invocations=27 (full 1):
 garbage-first heap   total 63488K, used 25402K [0x00000000c4000000, 0x0000000100000000)
  region size 1024K, 0 young (0K), 0 survivors (0K)
 Metaspace       used 76650K, committed 77760K, reserved 1179648K
  class space    used 10053K, committed 10496K, reserved 1048576K
}
Event: 1338.432 GC heap before
{Heap before GC invocations=27 (full 1):
 garbage-first heap   total 63488K, used 55098K [0x00000000c4000000, 0x0000000100000000)
  region size 1024K, 29 young (29696K), 0 survivors (0K)
 Metaspace       used 76939K, committed 77888K, reserved 1179648K
  class space    used 10068K, committed 10496K, reserved 1048576K
}
Event: 1338.470 GC heap after
{Heap after GC invocations=28 (full 1):
 garbage-first heap   total 63488K, used 28841K [0x00000000c4000000, 0x0000000100000000)
  region size 1024K, 4 young (4096K), 4 survivors (4096K)
 Metaspace       used 76939K, committed 77888K, reserved 1179648K
  class space    used 10068K, committed 10496K, reserved 1048576K
}
Event: 1341.380 GC heap before
{Heap before GC invocations=29 (full 1):
 garbage-first heap   total 63488K, used 53417K [0x00000000c4000000, 0x0000000100000000)
  region size 1024K, 28 young (28672K), 4 survivors (4096K)
 Metaspace       used 77405K, committed 78144K, reserved 1179648K
  class space    used 10106K, committed 10496K, reserved 1048576K
}
Event: 1341.404 GC heap after
{Heap after GC invocations=30 (full 1):
 garbage-first heap   total 63488K, used 31847K [0x00000000c4000000, 0x0000000100000000)
  region size 1024K, 4 young (4096K), 4 survivors (4096K)
 Metaspace       used 77405K, committed 78144K, reserved 1179648K
  class space    used 10106K, committed 10496K, reserved 1048576K
}

